<?xml version="1.0" encoding="UTF-8"?>
<!-- Generated by org.testng.reporters.JUnitXMLReporter -->
<testsuite hostname="NAIL4701LP63QRG" ignored="0" name="Default test" tests="3" failures="0" timestamp="04 Oct 2021 01:20:08 GMT" time="0.077" errors="0">
  <testcase name="LinuxTest" time="0.015" classname="io.restassured.kt.TestNgBasics2"/>
  <testcase name="MobileTest" time="0.002" classname="io.restassured.kt.TestNgBasics2"/>
  <testcase name="WindowsTest" time="0.002" classname="io.restassured.kt.TestNgBasics2"/>
</testsuite> <!-- Default test -->
