<?xml version="1.0" encoding="UTF-8"?>
<!-- Generated by org.testng.reporters.JUnitXMLReporter -->
<testsuite hostname="NAIL4701LP63QRG" ignored="0" name="CSI to IIB GET APIs" tests="3" failures="0" timestamp="27 Sep 2021 17:16:49 GMT" time="0.089" errors="0">
  <testcase name="Test1" time="0.018" classname="io.restassured.kt.TestNgBasics"/>
  <testcase name="Test3" time="0.005" classname="io.restassured.kt.TestNgBasics"/>
  <testcase name="MangoTest2" time="0.002" classname="io.restassured.kt.TestNgBasics"/>
</testsuite> <!-- CSI to IIB GET APIs -->
