<?xml version="1.0" encoding="UTF-8"?>
<!-- Generated by org.testng.reporters.JUnitXMLReporter -->
<testsuite hostname="NAIL4701LP63QRG" ignored="1" name="TestNg Basics 2" tests="2" failures="0" timestamp="04 Oct 2021 15:19:38 GMT" time="0.412" errors="0">
  <testcase name="MobileTest" time="0.022" classname="io.restassured.kt.TestNgBasics2"/>
  <testcase name="WindowsTest" time="0.003" classname="io.restassured.kt.TestNgBasics2"/>
  <testcase name="LinuxTest" time="0.0" classname="io.restassured.kt.TestNgBasics2">
    <ignored/>
  </testcase> <!-- LinuxTest -->
</testsuite> <!-- TestNg Basics 2 -->
