<?xml version="1.0" encoding="UTF-8"?>
<!-- Generated by org.testng.reporters.JUnitXMLReporter -->
<testsuite hostname="NAIL4701LP63QRG" ignored="0" name="TestNg Basics 1" tests="3" failures="0" timestamp="04 Oct 2021 15:19:38 GMT" time="0.454" errors="0">
  <testcase name="Test1" time="0.021" classname="io.restassured.kt.TestNgBasics"/>
  <testcase name="Test3" time="0.001" classname="io.restassured.kt.TestNgBasics"/>
  <testcase name="MangoTest2" time="0.002" classname="io.restassured.kt.TestNgBasics"/>
</testsuite> <!-- TestNg Basics 1 -->
