<?xml version="1.0" encoding="UTF-8"?>
<testng-results skipped="0" failed="0" ignored="1" total="6" passed="5">
  <reporter-output>
  </reporter-output>
  <suite name="API Test" duration-ms="454" started-at="2021-10-04T15:19:37Z" finished-at="2021-10-04T15:19:38Z">
    <groups>
      <group name="smoke">
        <method signature="TestNgBasics2.MobileTest()[pri:0, instance:io.restassured.kt.TestNgBasics2@4f638935]" name="MobileTest" class="io.restassured.kt.TestNgBasics2"/>
      </group> <!-- smoke -->
    </groups>
    <test name="TestNg Basics 2" duration-ms="412" started-at="2021-10-04T15:19:37Z" finished-at="2021-10-04T15:19:38Z">
      <class name="io.restassured.kt.TestNgBasics2">
        <test-method status="PASS" signature="MobileTest()[pri:0, instance:io.restassured.kt.TestNgBasics2@4f638935]" name="MobileTest" duration-ms="22" started-at="2021-10-04T15:19:37Z" finished-at="2021-10-04T15:19:37Z">
          <reporter-output>
          </reporter-output>
        </test-method> <!-- MobileTest -->
        <test-method status="PASS" signature="WindowsTest()[pri:0, instance:io.restassured.kt.TestNgBasics2@4f638935]" name="WindowsTest" duration-ms="3" started-at="2021-10-04T15:19:38Z" finished-at="2021-10-04T15:19:38Z">
          <reporter-output>
          </reporter-output>
        </test-method> <!-- WindowsTest -->
      </class> <!-- io.restassured.kt.TestNgBasics2 -->
    </test> <!-- TestNg Basics 2 -->
    <test name="TestNg Basics 1" duration-ms="454" started-at="2021-10-04T15:19:37Z" finished-at="2021-10-04T15:19:38Z">
      <class name="io.restassured.kt.TestNgBasics">
        <test-method status="PASS" signature="beforeTest()[pri:0, instance:io.restassured.kt.TestNgBasics@6f3b5d16]" name="beforeTest" is-config="true" duration-ms="22" started-at="2021-10-04T15:19:37Z" finished-at="2021-10-04T15:19:37Z">
          <reporter-output>
          </reporter-output>
        </test-method> <!-- beforeTest -->
        <test-method status="PASS" signature="beforeMethod()[pri:0, instance:io.restassured.kt.TestNgBasics@6f3b5d16]" name="beforeMethod" is-config="true" duration-ms="1" started-at="2021-10-04T15:19:37Z" finished-at="2021-10-04T15:19:37Z">
          <reporter-output>
          </reporter-output>
        </test-method> <!-- beforeMethod -->
        <test-method status="PASS" signature="Test1(java.lang.String)[pri:0, instance:io.restassured.kt.TestNgBasics@6f3b5d16]" name="Test1" duration-ms="21" started-at="2021-10-04T15:19:37Z" description="Verify that a placeOrder Transactions from MOZU-LWW is successful" finished-at="2021-10-04T15:19:37Z">
          <params>
            <param index="0">
              <value>
                <![CDATA[www.google.com]]>
              </value>
            </param>
          </params>
          <reporter-output>
          </reporter-output>
        </test-method> <!-- Test1 -->
        <test-method status="PASS" signature="afterMethod()[pri:0, instance:io.restassured.kt.TestNgBasics@6f3b5d16]" name="afterMethod" is-config="true" duration-ms="0" started-at="2021-10-04T15:19:38Z" finished-at="2021-10-04T15:19:38Z">
          <reporter-output>
          </reporter-output>
        </test-method> <!-- afterMethod -->
        <test-method status="PASS" signature="beforeMethod()[pri:0, instance:io.restassured.kt.TestNgBasics@6f3b5d16]" name="beforeMethod" is-config="true" duration-ms="0" started-at="2021-10-04T15:19:38Z" finished-at="2021-10-04T15:19:38Z">
          <reporter-output>
          </reporter-output>
        </test-method> <!-- beforeMethod -->
        <test-method status="PASS" signature="Test3()[pri:0, instance:io.restassured.kt.TestNgBasics@6f3b5d16]" name="Test3" duration-ms="1" started-at="2021-10-04T15:19:38Z" finished-at="2021-10-04T15:19:38Z">
          <reporter-output>
          </reporter-output>
        </test-method> <!-- Test3 -->
        <test-method status="PASS" signature="afterMethod()[pri:0, instance:io.restassured.kt.TestNgBasics@6f3b5d16]" name="afterMethod" is-config="true" duration-ms="1" started-at="2021-10-04T15:19:38Z" finished-at="2021-10-04T15:19:38Z">
          <reporter-output>
          </reporter-output>
        </test-method> <!-- afterMethod -->
        <test-method status="PASS" signature="beforeMethod()[pri:0, instance:io.restassured.kt.TestNgBasics@6f3b5d16]" name="beforeMethod" is-config="true" duration-ms="1" started-at="2021-10-04T15:19:38Z" finished-at="2021-10-04T15:19:38Z">
          <reporter-output>
          </reporter-output>
        </test-method> <!-- beforeMethod -->
        <test-method status="PASS" signature="MangoTest2()[pri:0, instance:io.restassured.kt.TestNgBasics@6f3b5d16]" name="MangoTest2" duration-ms="2" started-at="2021-10-04T15:19:38Z" depends-on-methods="io.restassured.kt.TestNgBasics.Test1" finished-at="2021-10-04T15:19:38Z">
          <reporter-output>
          </reporter-output>
        </test-method> <!-- MangoTest2 -->
        <test-method status="PASS" signature="afterMethod()[pri:0, instance:io.restassured.kt.TestNgBasics@6f3b5d16]" name="afterMethod" is-config="true" duration-ms="1" started-at="2021-10-04T15:19:38Z" finished-at="2021-10-04T15:19:38Z">
          <reporter-output>
          </reporter-output>
        </test-method> <!-- afterMethod -->
        <test-method status="PASS" signature="afterTest()[pri:0, instance:io.restassured.kt.TestNgBasics@6f3b5d16]" name="afterTest" is-config="true" duration-ms="1" started-at="2021-10-04T15:19:38Z" finished-at="2021-10-04T15:19:38Z">
          <reporter-output>
          </reporter-output>
        </test-method> <!-- afterTest -->
        <test-method status="PASS" signature="afterTest2()[pri:0, instance:io.restassured.kt.TestNgBasics@6f3b5d16]" name="afterTest2" is-config="true" duration-ms="2" started-at="2021-10-04T15:19:38Z" finished-at="2021-10-04T15:19:38Z">
          <reporter-output>
          </reporter-output>
        </test-method> <!-- afterTest2 -->
      </class> <!-- io.restassured.kt.TestNgBasics -->
    </test> <!-- TestNg Basics 1 -->
  </suite> <!-- API Test -->
</testng-results>
